<?xml version="1.0" encoding="UTF-8"?>
<!-- Generated by org.testng.reporters.JUnitReportReporter -->
<testsuite skipped="0" hostname="Work" name="pack1.Google" tests="1" failures="0" timestamp="26 Aug 2018 17:12:34 GMT" time="0.031" errors="0">
  <testcase name="launchBrowser" time="0.031" classname="pack1.Google"/>
</testsuite> <!-- pack1.Google -->
